<?xml version="1.0" encoding="UTF-8"?>
<testng-results skipped="0" failed="1" ignored="0" total="1" passed="0">
  <reporter-output>
  </reporter-output>
  <suite name="Default suite" duration-ms="17489" started-at="2019-09-14T09:13:16Z" finished-at="2019-09-14T09:13:33Z">
    <groups>
    </groups>
    <test name="Default test" duration-ms="17489" started-at="2019-09-14T09:13:16Z" finished-at="2019-09-14T09:13:33Z">
      <class name="com.GIveIndia.Assessment.Test.TC02_ScreenshotOfElementProperties">
        <test-method status="PASS" signature="LaunchBrowser()[pri:0, instance:com.GIveIndia.Assessment.Test.TC02_ScreenshotOfElementProperties@643b1d11]" name="LaunchBrowser" is-config="true" duration-ms="15574" started-at="2019-09-14T14:43:16Z" finished-at="2019-09-14T14:43:31Z">
          <reporter-output>
          </reporter-output>
        </test-method> <!-- LaunchBrowser -->
        <test-method status="FAIL" signature="capturingElementProperties()[pri:0, instance:com.GIveIndia.Assessment.Test.TC02_ScreenshotOfElementProperties@643b1d11]" name="capturingElementProperties" duration-ms="1878" started-at="2019-09-14T14:43:31Z" finished-at="2019-09-14T14:43:33Z">
          <exception class="java.awt.image.RasterFormatException">
            <message>
              <![CDATA[(x + width) is outside of Raster]]>
            </message>
            <full-stacktrace>
              <![CDATA[java.awt.image.RasterFormatException: (x + width) is outside of Raster
	at sun.awt.image.ByteInterleavedRaster.createWritableChild(Unknown Source)
	at java.awt.image.BufferedImage.getSubimage(Unknown Source)
	at com.GIveIndia.Assessment.Libraries.TakingScreenhshot.takeSnapShot(TakingScreenhshot.java:36)
	at com.GIveIndia.Assessment.Test.TC02_ScreenshotOfElementProperties.capturingElementProperties(TC02_ScreenshotOfElementProperties.java:19)
	at sun.reflect.NativeMethodAccessorImpl.invoke0(Native Method)
	at sun.reflect.NativeMethodAccessorImpl.invoke(Unknown Source)
	at sun.reflect.DelegatingMethodAccessorImpl.invoke(Unknown Source)
	at java.lang.reflect.Method.invoke(Unknown Source)
	at org.testng.internal.MethodInvocationHelper.invokeMethod(MethodInvocationHelper.java:104)
	at org.testng.internal.Invoker.invokeMethod(Invoker.java:645)
	at org.testng.internal.Invoker.invokeTestMethod(Invoker.java:851)
	at org.testng.internal.Invoker.invokeTestMethods(Invoker.java:1177)
	at org.testng.internal.TestMethodWorker.invokeTestMethods(TestMethodWorker.java:129)
	at org.testng.internal.TestMethodWorker.run(TestMethodWorker.java:112)
	at org.testng.TestRunner.privateRun(TestRunner.java:756)
	at org.testng.TestRunner.run(TestRunner.java:610)
	at org.testng.SuiteRunner.runTest(SuiteRunner.java:387)
	at org.testng.SuiteRunner.runSequentially(SuiteRunner.java:382)
	at org.testng.SuiteRunner.privateRun(SuiteRunner.java:340)
	at org.testng.SuiteRunner.run(SuiteRunner.java:289)
	at org.testng.SuiteRunnerWorker.runSuite(SuiteRunnerWorker.java:52)
	at org.testng.SuiteRunnerWorker.run(SuiteRunnerWorker.java:86)
	at org.testng.TestNG.runSuitesSequentially(TestNG.java:1293)
	at org.testng.TestNG.runSuitesLocally(TestNG.java:1218)
	at org.testng.TestNG.runSuites(TestNG.java:1133)
	at org.testng.TestNG.run(TestNG.java:1104)
	at org.testng.remote.AbstractRemoteTestNG.run(AbstractRemoteTestNG.java:132)
	at org.testng.remote.RemoteTestNG.initAndRun(RemoteTestNG.java:236)
	at org.testng.remote.RemoteTestNG.main(RemoteTestNG.java:81)
]]>
            </full-stacktrace>
          </exception> <!-- java.awt.image.RasterFormatException -->
          <reporter-output>
          </reporter-output>
        </test-method> <!-- capturingElementProperties -->
      </class> <!-- com.GIveIndia.Assessment.Test.TC02_ScreenshotOfElementProperties -->
    </test> <!-- Default test -->
  </suite> <!-- Default suite -->
</testng-results>
